<?xml version="1.0" encoding="UTF-8"?>
<!-- Generated by org.testng.reporters.JUnitXMLReporter -->
<testsuite ignored="0" hostname="SIDDU" failures="0" tests="3" name="Command line test" time="37.206" errors="0" timestamp="2025-04-11T09:57:22 IST">
  <testcase classname="fortest.Logintest" name="testEnterCredentials" time="12.033"/>
  <testcase classname="fortest.Logintest" name="testLoginButton" time="18.815"/>
  <testcase classname="fortest.Logintest" name="testOpenInstagramPage" time="6.318"/>
</testsuite> <!-- Command line test -->
