<?xml version="1.0" encoding="UTF-8"?>
<!-- Generated by org.testng.reporters.JUnitReportReporter -->
<testsuite hostname="SIDDU" failures="0" tests="3" name="fortest.Logintest" time="37.166" errors="0" timestamp="2025-04-11T09:57:22 IST" skipped="0">
  <testcase classname="fortest.Logintest" name="testOpenInstagramPage" time="6.318"/>
  <testcase classname="fortest.Logintest" name="testLoginButton" time="18.815"/>
  <testcase classname="fortest.Logintest" name="testEnterCredentials" time="12.033"/>
</testsuite> <!-- fortest.Logintest -->
